[GPU] torch.cuda.is_available(): True
[GPU] XGBoost version: 3.1.2
[GPU] LightGBM version: 4.6.0
DEBUG: Script execution initiated.
🔧 Using torch.multiprocessing with 'spawn' for CUDA compatibility
🎮 PYTORCH_USE_GPU=True - PyTorch models will use CUDA
✅ Multiprocessing start method set to 'spawn' for CUDA compatibility.
[INTERNET] Connection verified, using local time with internet sync: 2026-01-01 12:21:29 UTC
✅ CUDA is available and working. GPU acceleration enabled with deterministic algorithms.
ℹ️ LightGBM: using CPU (OpenCL not compatible with NVIDIA/PoCL in WSL2).
✅ XGBoostRegressor found. Configured for GPU (device='cuda').
✅ CUDA + DL enabled: multiprocessing ON with 'spawn' start method for stability.
Using initial balance: $100,000.00
✅ Fetched 101 tickers from NASDAQ 100.
✅ Fetched 502 tickers from S%26P 500.
✅ Fetched 30 tickers from Dow Jones. 
⚠️ Could not fetch DAX list ('int' object has no attribute 'columns').
⚠️ Could not fetch MDAX list ('int' object has no attribute 'columns').
⚠️ Could not fetch SMI list ('int' object has no attribute 'columns').
Total unique tickers found: 519
🚀 Step 1: Batch downloading data for 519 tickers from 2023-10-03 to 2026-01-01...
  (Requesting 821 days of data based on BACKTEST_DAYS=90 + TRAIN_LOOKBACK_DAYS=365)
  - Downloading batch 1/1 (519 tickers)...
  ℹ️  Market data not available yet (markets closed or processing). Using cached data.
  📂 Checking cache for 519 tickers...
  ✅ Cache hit for A (1124 rows, up to date)
  ✅ Cache hit for AAPL (1124 rows, up to date)
  ✅ Cache hit for ABBV (1124 rows, up to date)
  ✅ Cache hit for ABNB (1124 rows, up to date)
  ✅ Cache hit for ABT (1124 rows, up to date)
  ✅ Cache hit for ACGL (1124 rows, up to date)
  ✅ Cache hit for ACN (1124 rows, up to date)
  ✅ Cache hit for ADBE (1124 rows, up to date)
  ✅ Cache hit for ADI (1124 rows, up to date)
  ✅ Cache hit for ADM (1124 rows, up to date)
  ✅ Cache hit for ADP (1124 rows, up to date)
  ✅ Cache hit for ADSK (1124 rows, up to date)
  ✅ Cache hit for AEE (1124 rows, up to date)
  ✅ Cache hit for AEP (1124 rows, up to date)
  ✅ Cache hit for AES (1124 rows, up to date)
  ✅ Cache hit for AFL (1124 rows, up to date)
  ✅ Cache hit for AIG (1124 rows, up to date)
  ✅ Cache hit for AIZ (1124 rows, up to date)
  ✅ Cache hit for AJG (1124 rows, up to date)
  ✅ Cache hit for AKAM (1124 rows, up to date)
  ✅ Cache hit for ALB (1124 rows, up to date)
  ✅ Cache hit for ALGN (1124 rows, up to date)
  ✅ Cache hit for ALL (1124 rows, up to date)
  ✅ Cache hit for ALLE (1124 rows, up to date)
  ✅ Cache hit for ALNY (1124 rows, up to date)
  ✅ Cache hit for AMAT (1124 rows, up to date)
  ✅ Cache hit for AMCR (1124 rows, up to date)
  ✅ Cache hit for AMD (1124 rows, up to date)
  ✅ Cache hit for AME (1124 rows, up to date)
  ✅ Cache hit for AMGN (1124 rows, up to date)
  ✅ Cache hit for AMP (1124 rows, up to date)
  ✅ Cache hit for AMT (1124 rows, up to date)
  ✅ Cache hit for AMZN (1124 rows, up to date)
  ✅ Cache hit for ANET (1124 rows, up to date)
  ✅ Cache hit for AON (1124 rows, up to date)
  ✅ Cache hit for AOS (1124 rows, up to date)
  ✅ Cache hit for APA (1124 rows, up to date)
  ✅ Cache hit for APD (1124 rows, up to date)
  ✅ Cache hit for APH (1124 rows, up to date)
  ✅ Cache hit for APO (1124 rows, up to date)
  ✅ Cache hit for APP (1124 rows, up to date)
  ✅ Cache hit for APTV (1124 rows, up to date)
  ✅ Cache hit for ARE (1124 rows, up to date)
  ✅ Cache hit for ARES (1124 rows, up to date)
  ✅ Cache hit for ARM (1124 rows, up to date)
  ✅ Cache hit for ASML (1124 rows, up to date)
  ✅ Cache hit for ATO (1124 rows, up to date)
  ✅ Cache hit for AVB (1124 rows, up to date)
  ✅ Cache hit for AVGO (1124 rows, up to date)
  ✅ Cache hit for AVY (1124 rows, up to date)
  ✅ Cache hit for AWK (1124 rows, up to date)
  ✅ Cache hit for AXON (1124 rows, up to date)
  ✅ Cache hit for AXP (1124 rows, up to date)
  ✅ Cache hit for AZN (1124 rows, up to date)
  ✅ Cache hit for AZO (1124 rows, up to date)
  ✅ Cache hit for BA (1124 rows, up to date)
  ✅ Cache hit for BAC (1124 rows, up to date)
  ✅ Cache hit for BALL (1124 rows, up to date)
  ✅ Cache hit for BAX (1124 rows, up to date)
  ✅ Cache hit for BBY (1124 rows, up to date)
  ✅ Cache hit for BDX (1124 rows, up to date)
  ✅ Cache hit for BEN (1124 rows, up to date)
  ✅ Cache hit for BF-B (1124 rows, up to date)
  ✅ Cache hit for BG (1124 rows, up to date)
  ✅ Cache hit for BIIB (1124 rows, up to date)
  ✅ Cache hit for BK (1124 rows, up to date)
  ✅ Cache hit for BKNG (1124 rows, up to date)
  ✅ Cache hit for BKR (1124 rows, up to date)
  ✅ Cache hit for BLDR (1124 rows, up to date)
  ✅ Cache hit for BLK (1124 rows, up to date)
  ✅ Cache hit for BMY (1124 rows, up to date)
  ✅ Cache hit for BR (1124 rows, up to date)
  ✅ Cache hit for BRK-B (1124 rows, up to date)
  ✅ Cache hit for BRO (1124 rows, up to date)
  ✅ Cache hit for BSX (1124 rows, up to date)
  ✅ Cache hit for BX (1124 rows, up to date)
  ✅ Cache hit for BXP (1124 rows, up to date)
  ✅ Cache hit for C (1124 rows, up to date)
  ✅ Cache hit for CAG (1124 rows, up to date)
  ✅ Cache hit for CAH (1124 rows, up to date)
  ✅ Cache hit for CARR (1124 rows, up to date)
  ✅ Cache hit for CAT (1124 rows, up to date)
  ✅ Cache hit for CB (1124 rows, up to date)
  ✅ Cache hit for CBOE (1124 rows, up to date)
  ✅ Cache hit for CBRE (1124 rows, up to date)
  ✅ Cache hit for CCEP (1124 rows, up to date)
  ✅ Cache hit for CCI (1124 rows, up to date)
  ✅ Cache hit for CCL (1124 rows, up to date)
  ✅ Cache hit for CDNS (1124 rows, up to date)
  ✅ Cache hit for CDW (1124 rows, up to date)
  ✅ Cache hit for CEG (1124 rows, up to date)
  ✅ Cache hit for CF (1124 rows, up to date)
  ✅ Cache hit for CFG (1124 rows, up to date)
  ✅ Cache hit for CHD (1124 rows, up to date)
  ✅ Cache hit for CHRW (1124 rows, up to date)
  ✅ Cache hit for CHTR (1070 rows, up to date)
  ✅ Cache hit for CI (1070 rows, up to date)
  ✅ Cache hit for CINF (1070 rows, up to date)
  ✅ Cache hit for CL (1070 rows, up to date)
  ✅ Cache hit for CLX (1070 rows, up to date)
  ✅ Cache hit for CMCSA (1070 rows, up to date)
  ✅ Cache hit for CME (1070 rows, up to date)
  ✅ Cache hit for CMG (1070 rows, up to date)
  ✅ Cache hit for CMI (1070 rows, up to date)
  ✅ Cache hit for CMS (1070 rows, up to date)
  ✅ Cache hit for CNC (1070 rows, up to date)
  ✅ Cache hit for CNP (1070 rows, up to date)
  ✅ Cache hit for COF (1070 rows, up to date)
  ✅ Cache hit for COIN (1070 rows, up to date)
  ✅ Cache hit for COO (1070 rows, up to date)
  ✅ Cache hit for COP (1070 rows, up to date)
  ✅ Cache hit for COR (1070 rows, up to date)
  ✅ Cache hit for COST (1070 rows, up to date)
  ✅ Cache hit for CPAY (1070 rows, up to date)
  ✅ Cache hit for CPB (1070 rows, up to date)
  ✅ Cache hit for CPRT (1070 rows, up to date)
  ✅ Cache hit for CPT (1070 rows, up to date)
  ✅ Cache hit for CRL (1070 rows, up to date)
  ✅ Cache hit for CRM (1070 rows, up to date)
  ✅ Cache hit for CRWD (1070 rows, up to date)
  ✅ Cache hit for CSCO (1070 rows, up to date)
  ✅ Cache hit for CSGP (1070 rows, up to date)
  ✅ Cache hit for CSX (1070 rows, up to date)
  ✅ Cache hit for CTAS (1070 rows, up to date)
  ✅ Cache hit for CTRA (1070 rows, up to date)
  ✅ Cache hit for CTSH (1070 rows, up to date)
  ✅ Cache hit for CTVA (1070 rows, up to date)
  ✅ Cache hit for CVS (1070 rows, up to date)
  ✅ Cache hit for CVX (1070 rows, up to date)
  ✅ Cache hit for D (1070 rows, up to date)
  ✅ Cache hit for DAL (1070 rows, up to date)
  ✅ Cache hit for DASH (1070 rows, up to date)
  ✅ Cache hit for DAY (1070 rows, up to date)
  ✅ Cache hit for DD (1070 rows, up to date)
  ✅ Cache hit for DDOG (1070 rows, up to date)
  ✅ Cache hit for DE (1070 rows, up to date)
  ✅ Cache hit for DECK (1070 rows, up to date)
  ✅ Cache hit for DELL (1070 rows, up to date)
  ✅ Cache hit for DG (1070 rows, up to date)
  ✅ Cache hit for DGX (1070 rows, up to date)
  ✅ Cache hit for DHI (1070 rows, up to date)
  ✅ Cache hit for DHR (1070 rows, up to date)
  ✅ Cache hit for DIS (1070 rows, up to date)
  ✅ Cache hit for DLR (1070 rows, up to date)
  ✅ Cache hit for DLTR (1070 rows, up to date)
  ✅ Cache hit for DOC (1070 rows, up to date)
  ✅ Cache hit for DOV (1070 rows, up to date)
  ✅ Cache hit for DOW (1070 rows, up to date)
  ✅ Cache hit for DPZ (1070 rows, up to date)
  ✅ Cache hit for DRI (1070 rows, up to date)
  ✅ Cache hit for DTE (1070 rows, up to date)
  ✅ Cache hit for DUK (1070 rows, up to date)
  ✅ Cache hit for DVA (1070 rows, up to date)
  ✅ Cache hit for DVN (1070 rows, up to date)
  ✅ Cache hit for DXCM (1070 rows, up to date)
  ✅ Cache hit for EA (1070 rows, up to date)
  ✅ Cache hit for EBAY (1070 rows, up to date)
  ✅ Cache hit for ECL (1070 rows, up to date)
  ✅ Cache hit for ED (1070 rows, up to date)
  ✅ Cache hit for EFX (1070 rows, up to date)
  ✅ Cache hit for EG (1070 rows, up to date)
  ✅ Cache hit for EIX (1070 rows, up to date)
  ✅ Cache hit for EL (1070 rows, up to date)
  ✅ Cache hit for ELV (1070 rows, up to date)
  ✅ Cache hit for EME (1070 rows, up to date)
  ✅ Cache hit for EMR (1070 rows, up to date)
  ✅ Cache hit for EOG (1070 rows, up to date)
  ✅ Cache hit for EPAM (1070 rows, up to date)
  ✅ Cache hit for EQIX (1070 rows, up to date)
  ✅ Cache hit for EQR (1070 rows, up to date)
  ✅ Cache hit for EQT (1070 rows, up to date)
  ✅ Cache hit for ERIE (1070 rows, up to date)
  ✅ Cache hit for ES (1070 rows, up to date)
  ✅ Cache hit for ESS (1070 rows, up to date)
  ✅ Cache hit for ETN (1070 rows, up to date)
  ✅ Cache hit for ETR (1070 rows, up to date)
  ✅ Cache hit for EVRG (1070 rows, up to date)
  ✅ Cache hit for EW (1070 rows, up to date)
  ✅ Cache hit for EXC (1070 rows, up to date)
  ✅ Cache hit for EXE (1070 rows, up to date)
  ✅ Cache hit for EXPD (1070 rows, up to date)
  ✅ Cache hit for EXPE (1070 rows, up to date)
  ✅ Cache hit for EXR (1070 rows, up to date)
  ✅ Cache hit for F (1070 rows, up to date)
  ✅ Cache hit for FANG (1070 rows, up to date)
  ✅ Cache hit for FAST (1070 rows, up to date)
  ✅ Cache hit for FCX (1070 rows, up to date)
  ✅ Cache hit for FDS (1070 rows, up to date)
  ✅ Cache hit for FDX (1070 rows, up to date)
  ✅ Cache hit for FE (1070 rows, up to date)
  ✅ Cache hit for FER (1070 rows, up to date)
  ✅ Cache hit for FFIV (1070 rows, up to date)
  ✅ Cache hit for FICO (1070 rows, up to date)
  ✅ Cache hit for FIS (1070 rows, up to date)
  ✅ Cache hit for FISV (1070 rows, up to date)
  ✅ Cache hit for FITB (1070 rows, up to date)
  📥 Cache miss for FIX - will download (insufficient coverage)
  ✅ Cache hit for FOX (1070 rows, up to date)
  ✅ Cache hit for FOXA (1070 rows, up to date)
  ✅ Cache hit for FRT (1070 rows, up to date)
  ✅ Cache hit for FSLR (1070 rows, up to date)
  ✅ Cache hit for FTNT (1070 rows, up to date)
  ✅ Cache hit for FTV (1070 rows, up to date)
  ✅ Cache hit for GD (1070 rows, up to date)
  ✅ Cache hit for GDDY (1070 rows, up to date)
  ✅ Cache hit for GE (1070 rows, up to date)
  ✅ Cache hit for GEHC (1070 rows, up to date)
  ✅ Cache hit for GEN (1070 rows, up to date)
  ✅ Cache hit for GEV (1070 rows, up to date)
  ✅ Cache hit for GILD (1070 rows, up to date)
  ✅ Cache hit for GIS (1070 rows, up to date)
  ✅ Cache hit for GL (1070 rows, up to date)
  ✅ Cache hit for GLW (1070 rows, up to date)
  ✅ Cache hit for GM (1070 rows, up to date)
  ✅ Cache hit for GNRC (1070 rows, up to date)
  ✅ Cache hit for GOOG (1070 rows, up to date)
  ✅ Cache hit for GOOGL (1070 rows, up to date)
  ✅ Cache hit for GPC (1070 rows, up to date)
  ✅ Cache hit for GPN (1070 rows, up to date)
  ✅ Cache hit for GRMN (1070 rows, up to date)
  ✅ Cache hit for GS (1070 rows, up to date)
  ✅ Cache hit for GWW (1070 rows, up to date)
  ✅ Cache hit for HAL (1070 rows, up to date)
  ✅ Cache hit for HAS (1070 rows, up to date)
  ✅ Cache hit for HBAN (1070 rows, up to date)
  ✅ Cache hit for HCA (1070 rows, up to date)
  ✅ Cache hit for HD (1070 rows, up to date)
  ✅ Cache hit for HIG (1070 rows, up to date)
  ✅ Cache hit for HII (1070 rows, up to date)
  ✅ Cache hit for HLT (1070 rows, up to date)
  ✅ Cache hit for HOLX (1070 rows, up to date)
  ✅ Cache hit for HON (1070 rows, up to date)
  ✅ Cache hit for HOOD (1070 rows, up to date)
  ✅ Cache hit for HPE (1070 rows, up to date)
  ✅ Cache hit for HPQ (1070 rows, up to date)
  ✅ Cache hit for HRL (1070 rows, up to date)
  ✅ Cache hit for HSIC (1070 rows, up to date)
  ✅ Cache hit for HST (1070 rows, up to date)
  ✅ Cache hit for HSY (1070 rows, up to date)
  ✅ Cache hit for HUBB (1070 rows, up to date)
  ✅ Cache hit for HUM (1070 rows, up to date)
  ✅ Cache hit for HWM (1070 rows, up to date)
  ✅ Cache hit for IBKR (1070 rows, up to date)
  ✅ Cache hit for IBM (1070 rows, up to date)
  ✅ Cache hit for ICE (1070 rows, up to date)
  ✅ Cache hit for IDXX (1070 rows, up to date)
  ✅ Cache hit for IEX (1070 rows, up to date)
  ✅ Cache hit for IFF (1070 rows, up to date)
  ✅ Cache hit for INCY (1070 rows, up to date)
  ✅ Cache hit for INSM (1070 rows, up to date)
  ✅ Cache hit for INTC (1070 rows, up to date)
  ✅ Cache hit for INTU (1070 rows, up to date)
  ✅ Cache hit for INVH (1070 rows, up to date)
  ✅ Cache hit for IP (1070 rows, up to date)
  ✅ Cache hit for IQV (1070 rows, up to date)
  ✅ Cache hit for IR (1070 rows, up to date)
  ✅ Cache hit for IRM (1070 rows, up to date)
  ✅ Cache hit for ISRG (1070 rows, up to date)
  ✅ Cache hit for IT (1070 rows, up to date)
  ✅ Cache hit for ITW (1070 rows, up to date)
  ✅ Cache hit for IVZ (1070 rows, up to date)
  ✅ Cache hit for J (1070 rows, up to date)
  ✅ Cache hit for JBHT (1070 rows, up to date)
  ✅ Cache hit for JBL (1070 rows, up to date)
  ✅ Cache hit for JCI (1070 rows, up to date)
  ✅ Cache hit for JKHY (1070 rows, up to date)
  ✅ Cache hit for JNJ (1070 rows, up to date)
  ✅ Cache hit for JPM (1070 rows, up to date)
  ✅ Cache hit for KDP (1070 rows, up to date)
  ✅ Cache hit for KEY (1070 rows, up to date)
  ✅ Cache hit for KEYS (1070 rows, up to date)
  ✅ Cache hit for KHC (1070 rows, up to date)
  ✅ Cache hit for KIM (1070 rows, up to date)
  ✅ Cache hit for KKR (1070 rows, up to date)
  ✅ Cache hit for KLAC (1070 rows, up to date)
  ✅ Cache hit for KMB (1070 rows, up to date)
  ✅ Cache hit for KMI (1070 rows, up to date)
  ✅ Cache hit for KO (1070 rows, up to date)
  ✅ Cache hit for KR (1070 rows, up to date)
  ✅ Cache hit for KVUE (1070 rows, up to date)
  ✅ Cache hit for L (1070 rows, up to date)
  ✅ Cache hit for LDOS (1070 rows, up to date)
  ✅ Cache hit for LEN (1070 rows, up to date)
  ✅ Cache hit for LH (1070 rows, up to date)
  ✅ Cache hit for LHX (1070 rows, up to date)
  ✅ Cache hit for LII (1070 rows, up to date)
  ✅ Cache hit for LIN (1070 rows, up to date)
  ✅ Cache hit for LLY (1070 rows, up to date)
  ✅ Cache hit for LMT (1070 rows, up to date)
  ✅ Cache hit for LNT (1070 rows, up to date)
  ✅ Cache hit for LOW (1070 rows, up to date)
  ✅ Cache hit for LRCX (1070 rows, up to date)
  ✅ Cache hit for LULU (1070 rows, up to date)
  ✅ Cache hit for LUV (1070 rows, up to date)
  ✅ Cache hit for LVS (1070 rows, up to date)
  ✅ Cache hit for LW (1070 rows, up to date)
  ✅ Cache hit for LYB (1070 rows, up to date)
  ✅ Cache hit for LYV (1070 rows, up to date)
  ✅ Cache hit for MA (1070 rows, up to date)
  ✅ Cache hit for MAA (1070 rows, up to date)
  ✅ Cache hit for MAR (1070 rows, up to date)
  ✅ Cache hit for MAS (1070 rows, up to date)
  ✅ Cache hit for MCD (1070 rows, up to date)
  ✅ Cache hit for MCHP (1070 rows, up to date)
  ✅ Cache hit for MCK (1070 rows, up to date)
  ✅ Cache hit for MCO (1070 rows, up to date)
  ✅ Cache hit for MDLZ (1070 rows, up to date)
  ✅ Cache hit for MDT (1070 rows, up to date)
  ✅ Cache hit for MELI (1070 rows, up to date)
  ✅ Cache hit for MET (1070 rows, up to date)
  ✅ Cache hit for META (1070 rows, up to date)
  ✅ Cache hit for MGM (1070 rows, up to date)
  ✅ Cache hit for MKC (1070 rows, up to date)
  ✅ Cache hit for MLM (1070 rows, up to date)
  ✅ Cache hit for MMC (1070 rows, up to date)
  ✅ Cache hit for MMM (1070 rows, up to date)
  ✅ Cache hit for MNST (1070 rows, up to date)
  ✅ Cache hit for MO (1070 rows, up to date)
  ✅ Cache hit for MOH (1070 rows, up to date)
  ✅ Cache hit for MOS (1070 rows, up to date)
  ✅ Cache hit for MPC (1070 rows, up to date)
  ✅ Cache hit for MPWR (1070 rows, up to date)
  ✅ Cache hit for MRK (1070 rows, up to date)
  ✅ Cache hit for MRNA (1070 rows, up to date)
  ✅ Cache hit for MRVL (1070 rows, up to date)
  ✅ Cache hit for MS (1070 rows, up to date)
  ✅ Cache hit for MSCI (1070 rows, up to date)
  ✅ Cache hit for MSFT (1070 rows, up to date)
  ✅ Cache hit for MSI (1070 rows, up to date)
  ✅ Cache hit for MSTR (1070 rows, up to date)
  ✅ Cache hit for MTB (1070 rows, up to date)
  ✅ Cache hit for MTCH (1070 rows, up to date)
  ✅ Cache hit for MTD (1070 rows, up to date)
  ✅ Cache hit for MU (1070 rows, up to date)
  ✅ Cache hit for NCLH (1070 rows, up to date)
  ✅ Cache hit for NDAQ (1070 rows, up to date)
  ✅ Cache hit for NDSN (1070 rows, up to date)
  ✅ Cache hit for NEE (1070 rows, up to date)
  ✅ Cache hit for NEM (1070 rows, up to date)
  ✅ Cache hit for NFLX (1070 rows, up to date)
  ✅ Cache hit for NI (1070 rows, up to date)
  ✅ Cache hit for NKE (1070 rows, up to date)
  ✅ Cache hit for NOC (1070 rows, up to date)
  ✅ Cache hit for NOW (1070 rows, up to date)
  ✅ Cache hit for NRG (1070 rows, up to date)
  ✅ Cache hit for NSC (1070 rows, up to date)
  ✅ Cache hit for NTAP (1070 rows, up to date)
  ✅ Cache hit for NTRS (1070 rows, up to date)
  ✅ Cache hit for NUE (1070 rows, up to date)
  ✅ Cache hit for NVDA (1070 rows, up to date)
  ✅ Cache hit for NVR (1070 rows, up to date)
  ✅ Cache hit for NWS (1070 rows, up to date)
  ✅ Cache hit for NWSA (1070 rows, up to date)
  ✅ Cache hit for NXPI (1070 rows, up to date)
  ✅ Cache hit for O (1070 rows, up to date)
  ✅ Cache hit for ODFL (1070 rows, up to date)
  ✅ Cache hit for OKE (1070 rows, up to date)
  ✅ Cache hit for OMC (1070 rows, up to date)
  ✅ Cache hit for ON (1070 rows, up to date)
  ✅ Cache hit for ORCL (1070 rows, up to date)
  ✅ Cache hit for ORLY (1070 rows, up to date)
  ✅ Cache hit for OTIS (1070 rows, up to date)
  ✅ Cache hit for OXY (1070 rows, up to date)
  ✅ Cache hit for PANW (1070 rows, up to date)
  ✅ Cache hit for PAYC (1070 rows, up to date)
  ✅ Cache hit for PAYX (1070 rows, up to date)
  ✅ Cache hit for PCAR (1070 rows, up to date)
  ✅ Cache hit for PCG (1070 rows, up to date)
  ✅ Cache hit for PDD (1070 rows, up to date)
  ✅ Cache hit for PEG (1070 rows, up to date)
  ✅ Cache hit for PEP (1070 rows, up to date)
  ✅ Cache hit for PFE (1070 rows, up to date)
  ✅ Cache hit for PFG (1070 rows, up to date)
  ✅ Cache hit for PG (1070 rows, up to date)
  ✅ Cache hit for PGR (1070 rows, up to date)
  ✅ Cache hit for PH (1070 rows, up to date)
  ✅ Cache hit for PHM (1070 rows, up to date)
  ✅ Cache hit for PKG (1070 rows, up to date)
  ✅ Cache hit for PLD (1070 rows, up to date)
  ✅ Cache hit for PLTR (1070 rows, up to date)
  ✅ Cache hit for PM (1070 rows, up to date)
  ✅ Cache hit for PNC (1070 rows, up to date)
  ✅ Cache hit for PNR (1070 rows, up to date)
  ✅ Cache hit for PNW (1070 rows, up to date)
  ✅ Cache hit for PODD (1070 rows, up to date)
  ✅ Cache hit for POOL (1070 rows, up to date)
  ✅ Cache hit for PPG (1070 rows, up to date)
  ✅ Cache hit for PPL (1070 rows, up to date)
  ✅ Cache hit for PRU (1070 rows, up to date)
  ✅ Cache hit for PSA (1070 rows, up to date)
  ✅ Cache hit for PSKY (1070 rows, up to date)
  ✅ Cache hit for PSX (1070 rows, up to date)
  ✅ Cache hit for PTC (1070 rows, up to date)
  ✅ Cache hit for PWR (1070 rows, up to date)
  ✅ Cache hit for PYPL (1070 rows, up to date)
  ✅ Cache hit for Q (1070 rows, up to date)
  ✅ Cache hit for QCOM (1070 rows, up to date)
  ✅ Cache hit for RCL (1070 rows, up to date)
  ✅ Cache hit for REG (1070 rows, up to date)
  ✅ Cache hit for REGN (1070 rows, up to date)
  ✅ Cache hit for RF (1070 rows, up to date)
  ✅ Cache hit for RJF (1070 rows, up to date)
  ✅ Cache hit for RL (1070 rows, up to date)
  ✅ Cache hit for RMD (1070 rows, up to date)
  ✅ Cache hit for ROK (1070 rows, up to date)
  ✅ Cache hit for ROL (1070 rows, up to date)
  ✅ Cache hit for ROP (1070 rows, up to date)
  ✅ Cache hit for ROST (1070 rows, up to date)
  ✅ Cache hit for RSG (1070 rows, up to date)
  ✅ Cache hit for RTX (1070 rows, up to date)
  ✅ Cache hit for RVTY (1070 rows, up to date)
  ✅ Cache hit for SBAC (1070 rows, up to date)
  ✅ Cache hit for SBUX (1070 rows, up to date)
  ✅ Cache hit for SCHW (1070 rows, up to date)
  ✅ Cache hit for SHOP (1070 rows, up to date)
  ✅ Cache hit for SHW (1070 rows, up to date)
  ✅ Cache hit for SJM (1070 rows, up to date)
  ✅ Cache hit for SLB (1070 rows, up to date)
  ✅ Cache hit for SMCI (1070 rows, up to date)
  ✅ Cache hit for SNA (1070 rows, up to date)
  ✅ Cache hit for SNDK (1070 rows, up to date)
  ✅ Cache hit for SNPS (1070 rows, up to date)
  ✅ Cache hit for SO (1070 rows, up to date)
  ✅ Cache hit for SOLS (1070 rows, up to date)
  ✅ Cache hit for SOLV (1070 rows, up to date)
  ✅ Cache hit for SPG (1070 rows, up to date)
  ✅ Cache hit for SPGI (1070 rows, up to date)
  ✅ Cache hit for SRE (1070 rows, up to date)
  ✅ Cache hit for STE (1070 rows, up to date)
  ✅ Cache hit for STLD (1070 rows, up to date)
  ✅ Cache hit for STT (1070 rows, up to date)
  ✅ Cache hit for STX (1070 rows, up to date)
  ✅ Cache hit for STZ (1070 rows, up to date)
  ✅ Cache hit for SW (1070 rows, up to date)
  ✅ Cache hit for SWK (1070 rows, up to date)
  ✅ Cache hit for SWKS (1070 rows, up to date)
  ✅ Cache hit for SYF (1070 rows, up to date)
  ✅ Cache hit for SYK (1070 rows, up to date)
  ✅ Cache hit for SYY (1070 rows, up to date)
  ✅ Cache hit for T (1070 rows, up to date)
  ✅ Cache hit for TAP (1070 rows, up to date)
  ✅ Cache hit for TDG (1070 rows, up to date)
  ✅ Cache hit for TDY (1070 rows, up to date)
  ✅ Cache hit for TEAM (1070 rows, up to date)
  ✅ Cache hit for TECH (1070 rows, up to date)
  ✅ Cache hit for TEL (1070 rows, up to date)
  ✅ Cache hit for TER (1070 rows, up to date)
  ✅ Cache hit for TFC (1070 rows, up to date)
  ✅ Cache hit for TGT (1070 rows, up to date)
  ✅ Cache hit for TJX (1070 rows, up to date)
  ✅ Cache hit for TKO (1070 rows, up to date)
  ✅ Cache hit for TMO (1070 rows, up to date)
  ✅ Cache hit for TMUS (1070 rows, up to date)
  ✅ Cache hit for TPL (1070 rows, up to date)
  ✅ Cache hit for TPR (1070 rows, up to date)
  ✅ Cache hit for TRGP (1070 rows, up to date)
  ✅ Cache hit for TRI (1070 rows, up to date)
  ✅ Cache hit for TRMB (1070 rows, up to date)
  ✅ Cache hit for TROW (1070 rows, up to date)
  ✅ Cache hit for TRV (1070 rows, up to date)
  ✅ Cache hit for TSCO (1070 rows, up to date)
  ✅ Cache hit for TSLA (1070 rows, up to date)
  ✅ Cache hit for TSN (1070 rows, up to date)
  ✅ Cache hit for TT (1070 rows, up to date)
  ✅ Cache hit for TTD (1070 rows, up to date)
  ✅ Cache hit for TTWO (1070 rows, up to date)
  ✅ Cache hit for TXN (1070 rows, up to date)
  ✅ Cache hit for TXT (1070 rows, up to date)
  ✅ Cache hit for TYL (1070 rows, up to date)
  ✅ Cache hit for UAL (1070 rows, up to date)
  ✅ Cache hit for UBER (1070 rows, up to date)
  ✅ Cache hit for UDR (1070 rows, up to date)
  ✅ Cache hit for UHS (1070 rows, up to date)
  ✅ Cache hit for ULTA (1070 rows, up to date)
  ✅ Cache hit for UNH (1070 rows, up to date)
  ✅ Cache hit for UNP (1070 rows, up to date)
  ✅ Cache hit for UPS (1070 rows, up to date)
  ✅ Cache hit for URI (1070 rows, up to date)
  ✅ Cache hit for USB (1070 rows, up to date)
  ✅ Cache hit for V (1070 rows, up to date)
  ✅ Cache hit for VICI (1070 rows, up to date)
  ✅ Cache hit for VLO (1070 rows, up to date)
  ✅ Cache hit for VLTO (1070 rows, up to date)
  ✅ Cache hit for VMC (1070 rows, up to date)
  ✅ Cache hit for VRSK (1070 rows, up to date)
  ✅ Cache hit for VRSN (1070 rows, up to date)
  ✅ Cache hit for VRTX (1070 rows, up to date)
  ✅ Cache hit for VST (1070 rows, up to date)
  ✅ Cache hit for VTR (1070 rows, up to date)
  ✅ Cache hit for VTRS (1070 rows, up to date)
  ✅ Cache hit for VZ (1070 rows, up to date)
  ✅ Cache hit for WAB (1070 rows, up to date)
  ✅ Cache hit for WAT (1070 rows, up to date)
  ✅ Cache hit for WBD (1070 rows, up to date)
  ✅ Cache hit for WDAY (1070 rows, up to date)
  ✅ Cache hit for WDC (1070 rows, up to date)
  ✅ Cache hit for WEC (1070 rows, up to date)
  ✅ Cache hit for WELL (1070 rows, up to date)
  ✅ Cache hit for WFC (1070 rows, up to date)
  ✅ Cache hit for WM (1070 rows, up to date)
  ✅ Cache hit for WMB (1070 rows, up to date)
  ✅ Cache hit for WMT (1070 rows, up to date)
  ✅ Cache hit for WRB (1070 rows, up to date)
  ✅ Cache hit for WSM (1070 rows, up to date)
  ✅ Cache hit for WST (1070 rows, up to date)
  ✅ Cache hit for WTW (1070 rows, up to date)
  ✅ Cache hit for WY (1070 rows, up to date)
  ✅ Cache hit for WYNN (1070 rows, up to date)
  ✅ Cache hit for XEL (1070 rows, up to date)
  ✅ Cache hit for XOM (1070 rows, up to date)
  ✅ Cache hit for XYL (1070 rows, up to date)
  ✅ Cache hit for XYZ (1070 rows, up to date)
  ✅ Cache hit for YUM (1070 rows, up to date)
  ✅ Cache hit for ZBH (1070 rows, up to date)
  ✅ Cache hit for ZBRA (1070 rows, up to date)
  ✅ Cache hit for ZS (1070 rows, up to date)
  ✅ Cache hit for ZTS (1070 rows, up to date)
  🔄 Downloading data for 3 tickers (3 full, 0 incremental)...
  📥 Downloading FULL range for 3 tickers...
  📡 Trying Alpaca for 3 tickers...
  ✅ Alpaca: 3/3 tickers
      ✅ Updated cache for FIX (full download)
      ✅ Updated cache for QQQ (full download)
      ✅ Updated cache for SPY (full download)

  📊 Data Summary for 519 Tickers
  ===============================================================================================
  Ticker   Status          Rows     Start Date   End Date     Info                
  -----------------------------------------------------------------------------------------------
  A        Cache Hit       1124     2023-10-04   2025-12-30   From cache          
  AAPL     Cache Hit       1124     2023-10-04   2025-12-30   From cache          
  ABBV     Cache Hit       1124     2023-10-04   2025-12-30   From cache          
  ABNB     Cache Hit       1124     2023-10-04   2025-12-30   From cache          
  ABT      Cache Hit       1124     2023-10-04   2025-12-30   From cache          
  ACGL     Cache Hit       1124     2023-10-04   2025-12-30   From cache          
  ACN      Cache Hit       1124     2023-10-04   2025-12-30   From cache          
  ADBE     Cache Hit       1124     2023-10-04   2025-12-30   From cache          
  ADI      Cache Hit       1124     2023-10-04   2025-12-30   From cache          
  ADM      Cache Hit       1124     2023-10-04   2025-12-30   From cache          
  ADP      Cache Hit       1124     2023-10-04   2025-12-30   From cache          
  ADSK     Cache Hit       1124     2023-10-04   2025-12-30   From cache          
  AEE      Cache Hit       1124     2023-10-04   2025-12-30   From cache          
  AEP      Cache Hit       1124     2023-10-04   2025-12-30   From cache          
  AES      Cache Hit       1124     2023-10-04   2025-12-30   From cache          
  AFL      Cache Hit       1124     2023-10-04   2025-12-30   From cache          
  AIG      Cache Hit       1124     2023-10-04   2025-12-30   From cache          
  AIZ      Cache Hit       1124     2023-10-04   2025-12-30   From cache          
  AJG      Cache Hit       1124     2023-10-04   2025-12-30   From cache          
  AKAM     Cache Hit       1124     2023-10-04   2025-12-30   From cache          
  ALB      Cache Hit       1124     2023-10-04   2025-12-30   From cache          
  ALGN     Cache Hit       1124     2023-10-04   2025-12-30   From cache          
  ALL      Cache Hit       1124     2023-10-04   2025-12-30   From cache          
  ALLE     Cache Hit       1124     2023-10-04   2025-12-30   From cache          
  ALNY     Cache Hit       1124     2023-10-04   2025-12-30   From cache          
  ... and 494 more tickers
  ===============================================================================================
  ✅ 516 cache hits, 3 downloads (1689 new rows)
  📋 Download types: 0 new, 3 full, 0 incremental

  🔄 Reloading 519 tickers from updated cache...
